<?xml version="1.0" encoding="UTF-8"?>
<!-- Generated by org.testng.reporters.JUnitReportReporter -->
<testsuite hostname="cloudly-Latitude-E6430" failures="0" tests="4" name="goibibo.com.goibibo" time="109.506" errors="0" timestamp="2022-08-25T16:07:11 BDT" skipped="0">
  <testcase classname="goibibo.com.goibibo" name="TitleVarify" time="57.811"/>
  <system-out/>
  <testcase classname="goibibo.com.goibibo" name="RedioButton1" time="3.900"/>
  <system-out/>
  <testcase classname="goibibo.com.goibibo" name="SearchTrip" time="39.055"/>
  <system-out/>
  <testcase classname="goibibo.com.goibibo" name="Redion2" time="8.740"/>
  <system-out/>
</testsuite> <!-- goibibo.com.goibibo -->
